[debug] [2017-08-17T22:58:30.766Z] ----------------------------------------------------------------------
[debug] [2017-08-17T22:58:30.768Z] Command:       /usr/local/bin/node /usr/local/bin/firebase deploy --only functions
[debug] [2017-08-17T22:58:30.768Z] CLI Version:   3.9.2
[debug] [2017-08-17T22:58:30.768Z] Platform:      darwin
[debug] [2017-08-17T22:58:30.768Z] Node Version:  v7.6.0
[debug] [2017-08-17T22:58:30.769Z] Time:          Thu Aug 17 2017 23:58:30 GMT+0100 (BST)
[debug] [2017-08-17T22:58:30.769Z] ----------------------------------------------------------------------
[debug] 
[debug] [2017-08-17T22:58:30.781Z] > command requires scopes: ["email","openid","https://www.googleapis.com/auth/cloudplatformprojects.readonly","https://www.googleapis.com/auth/firebase","https://www.googleapis.com/auth/cloud-platform"]
[debug] [2017-08-17T22:58:30.781Z] > authorizing via signed-in user
[debug] [2017-08-17T22:58:30.784Z] >>> HTTP REQUEST GET https://admin.firebase.com/v1/projects/bullsncows-3d0f8  
 Thu Aug 17 2017 23:58:30 GMT+0100 (BST)
[debug] [2017-08-17T22:58:31.537Z] <<< HTTP RESPONSE 200
[debug] [2017-08-17T22:58:31.538Z] >>> HTTP REQUEST GET https://admin.firebase.com/v1/database/bullsncows-3d0f8/tokens  
 Thu Aug 17 2017 23:58:31 GMT+0100 (BST)
[debug] [2017-08-17T22:58:32.881Z] <<< HTTP RESPONSE 200
[info] 
[info] === Deploying to 'bullsncows-3d0f8'...
[info] 
[info] i  deploying functions
[debug] [2017-08-17T22:58:34.167Z] > [functions] package.json contents: {
  "name": "functions",
  "description": "Cloud Functions for Firebase",
  "dependencies": {
    "firebase": "^4.2.0",
    "firebase-admin": "~4.2.1",
    "firebase-functions": "^0.5.7"
  },
  "private": true
}
[info] i  functions: ensuring necessary APIs are enabled...
[info] i  runtimeconfig: ensuring necessary APIs are enabled...
[debug] [2017-08-17T22:58:34.168Z] >>> HTTP REQUEST GET https://servicemanagement.googleapis.com/v1/services/cloudfunctions.googleapis.com/projectSettings/bullsncows-3d0f8?view=CONSUMER_VIEW  
 Thu Aug 17 2017 23:58:34 GMT+0100 (BST)
[debug] [2017-08-17T22:58:34.168Z] >>> HTTP REQUEST GET https://servicemanagement.googleapis.com/v1/services/runtimeconfig.googleapis.com/projectSettings/bullsncows-3d0f8?view=CONSUMER_VIEW  
 Thu Aug 17 2017 23:58:34 GMT+0100 (BST)
[debug] [2017-08-17T22:58:35.274Z] <<< HTTP RESPONSE 200
[info] ✔  runtimeconfig: all necessary APIs are enabled
[debug] [2017-08-17T22:58:35.426Z] <<< HTTP RESPONSE 200
[info] ✔  functions: all necessary APIs are enabled
[debug] [2017-08-17T22:58:35.427Z] >>> HTTP REQUEST GET https://appengine.googleapis.com/v1/apps/bullsncows-3d0f8  
 Thu Aug 17 2017 23:58:35 GMT+0100 (BST)
[debug] [2017-08-17T22:58:35.428Z] >>> HTTP REQUEST GET https://apikeys.googleapis.com/v1/projects/bullsncows-3d0f8/apiKeys  
 Thu Aug 17 2017 23:58:35 GMT+0100 (BST)
[debug] [2017-08-17T22:58:36.229Z] <<< HTTP RESPONSE 200
[debug] [2017-08-17T22:58:36.321Z] <<< HTTP RESPONSE 200
[info] i  functions: preparing functions directory for uploading...
[debug] [2017-08-17T22:58:37.915Z] >>> HTTP REQUEST GET https://runtimeconfig.googleapis.com/v1beta1/projects/bullsncows-3d0f8/configs  
 Thu Aug 17 2017 23:58:37 GMT+0100 (BST)
[debug] [2017-08-17T22:58:38.213Z] <<< HTTP RESPONSE 200
[info] i  functions: packaged functions (1.33 KB) for uploading
[debug] [2017-08-17T22:58:39.571Z] >>> HTTP REQUEST GET https://www.googleapis.com/storage/v1/b/staging.bullsncows-3d0f8.appspot.com  
 Thu Aug 17 2017 23:58:39 GMT+0100 (BST)
[debug] [2017-08-17T22:58:39.867Z] <<< HTTP RESPONSE 200
[debug] [2017-08-17T22:58:39.868Z] >>> HTTP REQUEST POST https://www.googleapis.com/upload/storage/v1/b/staging.bullsncows-3d0f8.appspot.com/o?uploadType=media&name=firebase-functions-source ReadStream {
  _readableState: 
   ReadableState {
     objectMode: false,
     highWaterMark: 65536,
     buffer: BufferList { head: [Object], tail: [Object], length: 1 },
     length: 1361,
     pipes: null,
     pipesCount: 0,
     flowing: null,
     ended: true,
     endEmitted: false,
     reading: false,
     sync: false,
     needReadable: false,
     emittedReadable: true,
     readableListening: false,
     resumeScheduled: false,
     defaultEncoding: 'utf8',
     ranOut: false,
     awaitDrain: 0,
     readingMore: false,
     decoder: null,
     encoding: null },
  readable: true,
  domain: null,
  _events: { end: [Function] },
  _eventsCount: 1,
  _maxListeners: undefined,
  path: '/var/folders/7l/709mrk7j03nbkplzqt6bcvfr0000gp/T/firebase-functions-18146dD0rCLZgK7ni.zip',
  fd: 18,
  flags: 'r',
  mode: 438,
  start: undefined,
  end: undefined,
  autoClose: true,
  pos: undefined,
  bytesRead: 1361 } 
 Thu Aug 17 2017 23:58:39 GMT+0100 (BST)
[debug] [2017-08-17T22:58:40.538Z] <<< HTTP RESPONSE 200
[info] ✔  functions: functions folder uploaded successfully
[info] i  starting release process (may take several minutes)...
[debug] [2017-08-17T22:58:40.540Z] >>> HTTP REQUEST GET https://cloudfunctions.googleapis.com/v1beta2/projects/bullsncows-3d0f8/locations/us-central1/functions  
 Thu Aug 17 2017 23:58:40 GMT+0100 (BST)
[debug] [2017-08-17T22:58:40.874Z] <<< HTTP RESPONSE 200
[info] i  functions: updating function points...
[debug] [2017-08-17T22:58:40.877Z] Trigger is: 
[info] i  functions: updating function users...
[debug] [2017-08-17T22:58:40.877Z] Trigger is: 
[info] i  functions: updating function details...
[debug] [2017-08-17T22:58:40.877Z] Trigger is: 
[debug] [2017-08-17T22:58:40.878Z] >>> HTTP REQUEST PUT https://cloudfunctions.googleapis.com/v1beta2/projects/bullsncows-3d0f8/locations/us-central1/functions/points { sourceArchiveUrl: 'gs://staging.bullsncows-3d0f8.appspot.com/firebase-functions-source',
  name: 'projects/bullsncows-3d0f8/locations/us-central1/functions/points',
  entryPoint: 'points',
  timeout: '60s',
  availableMemoryMb: 256,
  httpsTrigger: {} } 
 Thu Aug 17 2017 23:58:40 GMT+0100 (BST)
[debug] [2017-08-17T22:58:40.879Z] >>> HTTP REQUEST PUT https://cloudfunctions.googleapis.com/v1beta2/projects/bullsncows-3d0f8/locations/us-central1/functions/users { sourceArchiveUrl: 'gs://staging.bullsncows-3d0f8.appspot.com/firebase-functions-source',
  name: 'projects/bullsncows-3d0f8/locations/us-central1/functions/users',
  entryPoint: 'users',
  timeout: '60s',
  availableMemoryMb: 256,
  httpsTrigger: {} } 
 Thu Aug 17 2017 23:58:40 GMT+0100 (BST)
[debug] [2017-08-17T22:58:40.879Z] >>> HTTP REQUEST PUT https://cloudfunctions.googleapis.com/v1beta2/projects/bullsncows-3d0f8/locations/us-central1/functions/details { sourceArchiveUrl: 'gs://staging.bullsncows-3d0f8.appspot.com/firebase-functions-source',
  name: 'projects/bullsncows-3d0f8/locations/us-central1/functions/details',
  entryPoint: 'details',
  timeout: '60s',
  availableMemoryMb: 256,
  httpsTrigger: {} } 
 Thu Aug 17 2017 23:58:40 GMT+0100 (BST)
[debug] [2017-08-17T22:58:41.239Z] <<< HTTP RESPONSE 200
[debug] [2017-08-17T22:58:41.711Z] <<< HTTP RESPONSE 200
[debug] [2017-08-17T22:58:41.769Z] <<< HTTP RESPONSE 200
[debug] [2017-08-17T22:58:41.770Z] >>> HTTP REQUEST GET https://cloudfunctions.googleapis.com/v1beta2/projects/bullsncows-3d0f8/locations/us-central1/functions  
 Thu Aug 17 2017 23:58:41 GMT+0100 (BST)
[debug] [2017-08-17T22:58:41.771Z] >>> HTTP REQUEST GET https://cloudfunctions.googleapis.com/v1beta2/operations/YnVsbHNuY293cy0zZDBmOC91cy1jZW50cmFsMS9wb2ludHMvYjMyb3R0anBqS1U  
 Thu Aug 17 2017 23:58:41 GMT+0100 (BST)
[debug] [2017-08-17T22:58:41.771Z] >>> HTTP REQUEST GET https://cloudfunctions.googleapis.com/v1beta2/operations/YnVsbHNuY293cy0zZDBmOC91cy1jZW50cmFsMS91c2Vycy9jVVFhZ214SW40VQ  
 Thu Aug 17 2017 23:58:41 GMT+0100 (BST)
[debug] [2017-08-17T22:58:41.772Z] >>> HTTP REQUEST GET https://cloudfunctions.googleapis.com/v1beta2/operations/YnVsbHNuY293cy0zZDBmOC91cy1jZW50cmFsMS9kZXRhaWxzL3JLdmd3c2ZibENF  
 Thu Aug 17 2017 23:58:41 GMT+0100 (BST)
[debug] [2017-08-17T22:58:42.056Z] <<< HTTP RESPONSE 200
[debug] [2017-08-17T22:58:42.572Z] <<< HTTP RESPONSE 200
[debug] [2017-08-17T22:58:42.581Z] <<< HTTP RESPONSE 200
[debug] [2017-08-17T22:58:42.582Z] [functions] operation poll: points: update operations/YnVsbHNuY293cy0zZDBmOC91cy1jZW50cmFsMS9wb2ludHMvYjMyb3R0anBqS1U is not done.
[debug] [2017-08-17T22:58:42.582Z] [functions] operation poll: users: update operations/YnVsbHNuY293cy0zZDBmOC91cy1jZW50cmFsMS91c2Vycy9jVVFhZ214SW40VQ is not done.
[debug] [2017-08-17T22:58:42.582Z] [functions] operation poll: details: update operations/YnVsbHNuY293cy0zZDBmOC91cy1jZW50cmFsMS9kZXRhaWxzL3JLdmd3c2ZibENF is not done.
[debug] [2017-08-17T22:58:42.622Z] <<< HTTP RESPONSE 200
[debug] [2017-08-17T22:58:47.587Z] >>> HTTP REQUEST GET https://cloudfunctions.googleapis.com/v1beta2/operations/YnVsbHNuY293cy0zZDBmOC91cy1jZW50cmFsMS9wb2ludHMvYjMyb3R0anBqS1U  
 Thu Aug 17 2017 23:58:47 GMT+0100 (BST)
[debug] [2017-08-17T22:58:47.588Z] >>> HTTP REQUEST GET https://cloudfunctions.googleapis.com/v1beta2/operations/YnVsbHNuY293cy0zZDBmOC91cy1jZW50cmFsMS91c2Vycy9jVVFhZ214SW40VQ  
 Thu Aug 17 2017 23:58:47 GMT+0100 (BST)
[debug] [2017-08-17T22:58:47.588Z] >>> HTTP REQUEST GET https://cloudfunctions.googleapis.com/v1beta2/operations/YnVsbHNuY293cy0zZDBmOC91cy1jZW50cmFsMS9kZXRhaWxzL3JLdmd3c2ZibENF  
 Thu Aug 17 2017 23:58:47 GMT+0100 (BST)
[debug] [2017-08-17T22:58:48.418Z] <<< HTTP RESPONSE 200
[debug] [2017-08-17T22:58:48.611Z] <<< HTTP RESPONSE 200
[debug] [2017-08-17T22:58:48.619Z] <<< HTTP RESPONSE 200
[debug] [2017-08-17T22:58:48.620Z] [functions] operation poll: points: update operations/YnVsbHNuY293cy0zZDBmOC91cy1jZW50cmFsMS9wb2ludHMvYjMyb3R0anBqS1U is not done.
[debug] [2017-08-17T22:58:48.620Z] [functions] operation poll: users: update operations/YnVsbHNuY293cy0zZDBmOC91cy1jZW50cmFsMS91c2Vycy9jVVFhZ214SW40VQ is not done.
[debug] [2017-08-17T22:58:48.620Z] [functions] operation poll: details: update operations/YnVsbHNuY293cy0zZDBmOC91cy1jZW50cmFsMS9kZXRhaWxzL3JLdmd3c2ZibENF is not done.
[debug] [2017-08-17T22:58:53.624Z] >>> HTTP REQUEST GET https://cloudfunctions.googleapis.com/v1beta2/operations/YnVsbHNuY293cy0zZDBmOC91cy1jZW50cmFsMS9wb2ludHMvYjMyb3R0anBqS1U  
 Thu Aug 17 2017 23:58:53 GMT+0100 (BST)
[debug] [2017-08-17T22:58:53.624Z] >>> HTTP REQUEST GET https://cloudfunctions.googleapis.com/v1beta2/operations/YnVsbHNuY293cy0zZDBmOC91cy1jZW50cmFsMS91c2Vycy9jVVFhZ214SW40VQ  
 Thu Aug 17 2017 23:58:53 GMT+0100 (BST)
[debug] [2017-08-17T22:58:53.624Z] >>> HTTP REQUEST GET https://cloudfunctions.googleapis.com/v1beta2/operations/YnVsbHNuY293cy0zZDBmOC91cy1jZW50cmFsMS9kZXRhaWxzL3JLdmd3c2ZibENF  
 Thu Aug 17 2017 23:58:53 GMT+0100 (BST)
[debug] [2017-08-17T22:58:54.421Z] <<< HTTP RESPONSE 200
[debug] [2017-08-17T22:58:54.447Z] <<< HTTP RESPONSE 200
[debug] [2017-08-17T22:58:54.457Z] <<< HTTP RESPONSE 200
[debug] [2017-08-17T22:58:54.458Z] [functions] operation poll: points: update operations/YnVsbHNuY293cy0zZDBmOC91cy1jZW50cmFsMS9wb2ludHMvYjMyb3R0anBqS1U is not done.
[debug] [2017-08-17T22:58:54.458Z] [functions] operation poll: users: update operations/YnVsbHNuY293cy0zZDBmOC91cy1jZW50cmFsMS91c2Vycy9jVVFhZ214SW40VQ is not done.
[debug] [2017-08-17T22:58:54.458Z] [functions] operation poll: details: update operations/YnVsbHNuY293cy0zZDBmOC91cy1jZW50cmFsMS9kZXRhaWxzL3JLdmd3c2ZibENF is not done.
[debug] [2017-08-17T22:58:59.465Z] >>> HTTP REQUEST GET https://cloudfunctions.googleapis.com/v1beta2/operations/YnVsbHNuY293cy0zZDBmOC91cy1jZW50cmFsMS9wb2ludHMvYjMyb3R0anBqS1U  
 Thu Aug 17 2017 23:58:59 GMT+0100 (BST)
[debug] [2017-08-17T22:58:59.465Z] >>> HTTP REQUEST GET https://cloudfunctions.googleapis.com/v1beta2/operations/YnVsbHNuY293cy0zZDBmOC91cy1jZW50cmFsMS91c2Vycy9jVVFhZ214SW40VQ  
 Thu Aug 17 2017 23:58:59 GMT+0100 (BST)
[debug] [2017-08-17T22:58:59.466Z] >>> HTTP REQUEST GET https://cloudfunctions.googleapis.com/v1beta2/operations/YnVsbHNuY293cy0zZDBmOC91cy1jZW50cmFsMS9kZXRhaWxzL3JLdmd3c2ZibENF  
 Thu Aug 17 2017 23:58:59 GMT+0100 (BST)
[debug] [2017-08-17T22:58:59.734Z] <<< HTTP RESPONSE 200
[debug] [2017-08-17T22:59:00.261Z] <<< HTTP RESPONSE 200
[debug] [2017-08-17T22:59:00.284Z] <<< HTTP RESPONSE 200
[debug] [2017-08-17T22:59:00.285Z] [functions] operation poll: points: update operations/YnVsbHNuY293cy0zZDBmOC91cy1jZW50cmFsMS9wb2ludHMvYjMyb3R0anBqS1U is not done.
[debug] [2017-08-17T22:59:00.285Z] [functions] operation poll: users: update operations/YnVsbHNuY293cy0zZDBmOC91cy1jZW50cmFsMS91c2Vycy9jVVFhZ214SW40VQ is not done.
[debug] [2017-08-17T22:59:00.285Z] [functions] operation poll: details: update operations/YnVsbHNuY293cy0zZDBmOC91cy1jZW50cmFsMS9kZXRhaWxzL3JLdmd3c2ZibENF is not done.
[debug] [2017-08-17T22:59:05.290Z] >>> HTTP REQUEST GET https://cloudfunctions.googleapis.com/v1beta2/operations/YnVsbHNuY293cy0zZDBmOC91cy1jZW50cmFsMS9wb2ludHMvYjMyb3R0anBqS1U  
 Thu Aug 17 2017 23:59:05 GMT+0100 (BST)
[debug] [2017-08-17T22:59:05.291Z] >>> HTTP REQUEST GET https://cloudfunctions.googleapis.com/v1beta2/operations/YnVsbHNuY293cy0zZDBmOC91cy1jZW50cmFsMS91c2Vycy9jVVFhZ214SW40VQ  
 Thu Aug 17 2017 23:59:05 GMT+0100 (BST)
[debug] [2017-08-17T22:59:05.291Z] >>> HTTP REQUEST GET https://cloudfunctions.googleapis.com/v1beta2/operations/YnVsbHNuY293cy0zZDBmOC91cy1jZW50cmFsMS9kZXRhaWxzL3JLdmd3c2ZibENF  
 Thu Aug 17 2017 23:59:05 GMT+0100 (BST)
[debug] [2017-08-17T22:59:05.562Z] <<< HTTP RESPONSE 200
[debug] [2017-08-17T22:59:06.087Z] <<< HTTP RESPONSE 200
[debug] [2017-08-17T22:59:06.089Z] <<< HTTP RESPONSE 200
[debug] [2017-08-17T22:59:06.089Z] [functions] operation poll: points: update operations/YnVsbHNuY293cy0zZDBmOC91cy1jZW50cmFsMS9wb2ludHMvYjMyb3R0anBqS1U is not done.
[debug] [2017-08-17T22:59:06.089Z] [functions] operation poll: users: update operations/YnVsbHNuY293cy0zZDBmOC91cy1jZW50cmFsMS91c2Vycy9jVVFhZ214SW40VQ is not done.
[debug] [2017-08-17T22:59:06.090Z] [functions] operation poll: details: update operations/YnVsbHNuY293cy0zZDBmOC91cy1jZW50cmFsMS9kZXRhaWxzL3JLdmd3c2ZibENF is not done.
[debug] [2017-08-17T22:59:11.093Z] >>> HTTP REQUEST GET https://cloudfunctions.googleapis.com/v1beta2/operations/YnVsbHNuY293cy0zZDBmOC91cy1jZW50cmFsMS9wb2ludHMvYjMyb3R0anBqS1U  
 Thu Aug 17 2017 23:59:11 GMT+0100 (BST)
[debug] [2017-08-17T22:59:11.094Z] >>> HTTP REQUEST GET https://cloudfunctions.googleapis.com/v1beta2/operations/YnVsbHNuY293cy0zZDBmOC91cy1jZW50cmFsMS91c2Vycy9jVVFhZ214SW40VQ  
 Thu Aug 17 2017 23:59:11 GMT+0100 (BST)
[debug] [2017-08-17T22:59:11.094Z] >>> HTTP REQUEST GET https://cloudfunctions.googleapis.com/v1beta2/operations/YnVsbHNuY293cy0zZDBmOC91cy1jZW50cmFsMS9kZXRhaWxzL3JLdmd3c2ZibENF  
 Thu Aug 17 2017 23:59:11 GMT+0100 (BST)
[debug] [2017-08-17T22:59:11.878Z] <<< HTTP RESPONSE 200
[debug] [2017-08-17T22:59:11.890Z] <<< HTTP RESPONSE 200
[debug] [2017-08-17T22:59:11.906Z] <<< HTTP RESPONSE 200
[debug] [2017-08-17T22:59:11.906Z] [functions] operation poll: points: update operations/YnVsbHNuY293cy0zZDBmOC91cy1jZW50cmFsMS9wb2ludHMvYjMyb3R0anBqS1U is not done.
[debug] [2017-08-17T22:59:11.906Z] [functions] operation poll: users: update operations/YnVsbHNuY293cy0zZDBmOC91cy1jZW50cmFsMS91c2Vycy9jVVFhZ214SW40VQ is not done.
[debug] [2017-08-17T22:59:11.906Z] [functions] operation poll: details: update operations/YnVsbHNuY293cy0zZDBmOC91cy1jZW50cmFsMS9kZXRhaWxzL3JLdmd3c2ZibENF is not done.
[debug] [2017-08-17T22:59:16.909Z] >>> HTTP REQUEST GET https://cloudfunctions.googleapis.com/v1beta2/operations/YnVsbHNuY293cy0zZDBmOC91cy1jZW50cmFsMS9wb2ludHMvYjMyb3R0anBqS1U  
 Thu Aug 17 2017 23:59:16 GMT+0100 (BST)
[debug] [2017-08-17T22:59:16.909Z] >>> HTTP REQUEST GET https://cloudfunctions.googleapis.com/v1beta2/operations/YnVsbHNuY293cy0zZDBmOC91cy1jZW50cmFsMS91c2Vycy9jVVFhZ214SW40VQ  
 Thu Aug 17 2017 23:59:16 GMT+0100 (BST)
[debug] [2017-08-17T22:59:16.909Z] >>> HTTP REQUEST GET https://cloudfunctions.googleapis.com/v1beta2/operations/YnVsbHNuY293cy0zZDBmOC91cy1jZW50cmFsMS9kZXRhaWxzL3JLdmd3c2ZibENF  
 Thu Aug 17 2017 23:59:16 GMT+0100 (BST)
[debug] [2017-08-17T22:59:17.202Z] <<< HTTP RESPONSE 200
[debug] [2017-08-17T22:59:17.718Z] <<< HTTP RESPONSE 200
[debug] [2017-08-17T22:59:17.718Z] <<< HTTP RESPONSE 200
[debug] [2017-08-17T22:59:17.719Z] [functions] operation poll: points: update operations/YnVsbHNuY293cy0zZDBmOC91cy1jZW50cmFsMS9wb2ludHMvYjMyb3R0anBqS1U is not done.
[debug] [2017-08-17T22:59:17.719Z] [functions] operation poll: users: update operations/YnVsbHNuY293cy0zZDBmOC91cy1jZW50cmFsMS91c2Vycy9jVVFhZ214SW40VQ is not done.
[debug] [2017-08-17T22:59:17.719Z] [functions] operation poll: details: update operations/YnVsbHNuY293cy0zZDBmOC91cy1jZW50cmFsMS9kZXRhaWxzL3JLdmd3c2ZibENF is not done.
[debug] [2017-08-17T22:59:22.723Z] >>> HTTP REQUEST GET https://cloudfunctions.googleapis.com/v1beta2/operations/YnVsbHNuY293cy0zZDBmOC91cy1jZW50cmFsMS9wb2ludHMvYjMyb3R0anBqS1U  
 Thu Aug 17 2017 23:59:22 GMT+0100 (BST)
[debug] [2017-08-17T22:59:22.724Z] >>> HTTP REQUEST GET https://cloudfunctions.googleapis.com/v1beta2/operations/YnVsbHNuY293cy0zZDBmOC91cy1jZW50cmFsMS91c2Vycy9jVVFhZ214SW40VQ  
 Thu Aug 17 2017 23:59:22 GMT+0100 (BST)
[debug] [2017-08-17T22:59:22.724Z] >>> HTTP REQUEST GET https://cloudfunctions.googleapis.com/v1beta2/operations/YnVsbHNuY293cy0zZDBmOC91cy1jZW50cmFsMS9kZXRhaWxzL3JLdmd3c2ZibENF  
 Thu Aug 17 2017 23:59:22 GMT+0100 (BST)
[debug] [2017-08-17T22:59:23.546Z] <<< HTTP RESPONSE 200
[debug] [2017-08-17T22:59:23.549Z] <<< HTTP RESPONSE 200
[debug] [2017-08-17T22:59:23.564Z] <<< HTTP RESPONSE 200
[debug] [2017-08-17T22:59:23.564Z] [functions] operation poll: points: update operations/YnVsbHNuY293cy0zZDBmOC91cy1jZW50cmFsMS9wb2ludHMvYjMyb3R0anBqS1U is not done.
[debug] [2017-08-17T22:59:23.564Z] [functions] operation poll: users: update operations/YnVsbHNuY293cy0zZDBmOC91cy1jZW50cmFsMS91c2Vycy9jVVFhZ214SW40VQ is not done.
[debug] [2017-08-17T22:59:23.564Z] [functions] operation poll: details: update operations/YnVsbHNuY293cy0zZDBmOC91cy1jZW50cmFsMS9kZXRhaWxzL3JLdmd3c2ZibENF is not done.
[debug] [2017-08-17T22:59:28.571Z] >>> HTTP REQUEST GET https://cloudfunctions.googleapis.com/v1beta2/operations/YnVsbHNuY293cy0zZDBmOC91cy1jZW50cmFsMS9wb2ludHMvYjMyb3R0anBqS1U  
 Thu Aug 17 2017 23:59:28 GMT+0100 (BST)
[debug] [2017-08-17T22:59:28.571Z] >>> HTTP REQUEST GET https://cloudfunctions.googleapis.com/v1beta2/operations/YnVsbHNuY293cy0zZDBmOC91cy1jZW50cmFsMS91c2Vycy9jVVFhZ214SW40VQ  
 Thu Aug 17 2017 23:59:28 GMT+0100 (BST)
[debug] [2017-08-17T22:59:28.571Z] >>> HTTP REQUEST GET https://cloudfunctions.googleapis.com/v1beta2/operations/YnVsbHNuY293cy0zZDBmOC91cy1jZW50cmFsMS9kZXRhaWxzL3JLdmd3c2ZibENF  
 Thu Aug 17 2017 23:59:28 GMT+0100 (BST)
[debug] [2017-08-17T22:59:29.371Z] <<< HTTP RESPONSE 200
[debug] [2017-08-17T22:59:29.374Z] <<< HTTP RESPONSE 200
[debug] [2017-08-17T22:59:29.584Z] <<< HTTP RESPONSE 200
[debug] [2017-08-17T22:59:29.586Z] [functions] operation poll: points: update operations/YnVsbHNuY293cy0zZDBmOC91cy1jZW50cmFsMS9wb2ludHMvYjMyb3R0anBqS1U is not done.
[debug] [2017-08-17T22:59:29.587Z] [functions] operation poll: users: update operations/YnVsbHNuY293cy0zZDBmOC91cy1jZW50cmFsMS91c2Vycy9jVVFhZ214SW40VQ is not done.
[debug] [2017-08-17T22:59:29.587Z] [functions] operation poll: details: update operations/YnVsbHNuY293cy0zZDBmOC91cy1jZW50cmFsMS9kZXRhaWxzL3JLdmd3c2ZibENF is not done.
[debug] [2017-08-17T22:59:34.590Z] >>> HTTP REQUEST GET https://cloudfunctions.googleapis.com/v1beta2/operations/YnVsbHNuY293cy0zZDBmOC91cy1jZW50cmFsMS9wb2ludHMvYjMyb3R0anBqS1U  
 Thu Aug 17 2017 23:59:34 GMT+0100 (BST)
[debug] [2017-08-17T22:59:34.592Z] >>> HTTP REQUEST GET https://cloudfunctions.googleapis.com/v1beta2/operations/YnVsbHNuY293cy0zZDBmOC91cy1jZW50cmFsMS91c2Vycy9jVVFhZ214SW40VQ  
 Thu Aug 17 2017 23:59:34 GMT+0100 (BST)
[debug] [2017-08-17T22:59:34.592Z] >>> HTTP REQUEST GET https://cloudfunctions.googleapis.com/v1beta2/operations/YnVsbHNuY293cy0zZDBmOC91cy1jZW50cmFsMS9kZXRhaWxzL3JLdmd3c2ZibENF  
 Thu Aug 17 2017 23:59:34 GMT+0100 (BST)
[debug] [2017-08-17T22:59:34.862Z] <<< HTTP RESPONSE 200
[debug] [2017-08-17T22:59:35.411Z] <<< HTTP RESPONSE 200
[debug] [2017-08-17T22:59:35.414Z] <<< HTTP RESPONSE 200
[debug] [2017-08-17T22:59:35.415Z] [functions] operation poll: points: update operations/YnVsbHNuY293cy0zZDBmOC91cy1jZW50cmFsMS9wb2ludHMvYjMyb3R0anBqS1U is not done.
[debug] [2017-08-17T22:59:35.415Z] [functions] operation poll: users: update operations/YnVsbHNuY293cy0zZDBmOC91cy1jZW50cmFsMS91c2Vycy9jVVFhZ214SW40VQ is not done.
[debug] [2017-08-17T22:59:35.415Z] [functions] operation poll: details: update operations/YnVsbHNuY293cy0zZDBmOC91cy1jZW50cmFsMS9kZXRhaWxzL3JLdmd3c2ZibENF is not done.
[debug] [2017-08-17T22:59:40.418Z] >>> HTTP REQUEST GET https://cloudfunctions.googleapis.com/v1beta2/operations/YnVsbHNuY293cy0zZDBmOC91cy1jZW50cmFsMS9wb2ludHMvYjMyb3R0anBqS1U  
 Thu Aug 17 2017 23:59:40 GMT+0100 (BST)
[debug] [2017-08-17T22:59:40.418Z] >>> HTTP REQUEST GET https://cloudfunctions.googleapis.com/v1beta2/operations/YnVsbHNuY293cy0zZDBmOC91cy1jZW50cmFsMS91c2Vycy9jVVFhZ214SW40VQ  
 Thu Aug 17 2017 23:59:40 GMT+0100 (BST)
[debug] [2017-08-17T22:59:40.418Z] >>> HTTP REQUEST GET https://cloudfunctions.googleapis.com/v1beta2/operations/YnVsbHNuY293cy0zZDBmOC91cy1jZW50cmFsMS9kZXRhaWxzL3JLdmd3c2ZibENF  
 Thu Aug 17 2017 23:59:40 GMT+0100 (BST)
[debug] [2017-08-17T22:59:41.229Z] <<< HTTP RESPONSE 200
[debug] [2017-08-17T22:59:41.246Z] <<< HTTP RESPONSE 200
[debug] [2017-08-17T22:59:41.246Z] <<< HTTP RESPONSE 200
[debug] [2017-08-17T22:59:41.247Z] [functions] operation poll: points: update operations/YnVsbHNuY293cy0zZDBmOC91cy1jZW50cmFsMS9wb2ludHMvYjMyb3R0anBqS1U is not done.
[debug] [2017-08-17T22:59:41.247Z] [functions] operation poll: users: update operations/YnVsbHNuY293cy0zZDBmOC91cy1jZW50cmFsMS91c2Vycy9jVVFhZ214SW40VQ is not done.
[debug] [2017-08-17T22:59:41.247Z] [functions] operation poll: details: update operations/YnVsbHNuY293cy0zZDBmOC91cy1jZW50cmFsMS9kZXRhaWxzL3JLdmd3c2ZibENF is not done.
[debug] [2017-08-17T22:59:46.252Z] >>> HTTP REQUEST GET https://cloudfunctions.googleapis.com/v1beta2/operations/YnVsbHNuY293cy0zZDBmOC91cy1jZW50cmFsMS9wb2ludHMvYjMyb3R0anBqS1U  
 Thu Aug 17 2017 23:59:46 GMT+0100 (BST)
[debug] [2017-08-17T22:59:46.253Z] >>> HTTP REQUEST GET https://cloudfunctions.googleapis.com/v1beta2/operations/YnVsbHNuY293cy0zZDBmOC91cy1jZW50cmFsMS91c2Vycy9jVVFhZ214SW40VQ  
 Thu Aug 17 2017 23:59:46 GMT+0100 (BST)
[debug] [2017-08-17T22:59:46.253Z] >>> HTTP REQUEST GET https://cloudfunctions.googleapis.com/v1beta2/operations/YnVsbHNuY293cy0zZDBmOC91cy1jZW50cmFsMS9kZXRhaWxzL3JLdmd3c2ZibENF  
 Thu Aug 17 2017 23:59:46 GMT+0100 (BST)
[debug] [2017-08-17T22:59:47.274Z] <<< HTTP RESPONSE 200
[debug] [2017-08-17T22:59:47.279Z] <<< HTTP RESPONSE 200
[debug] [2017-08-17T22:59:47.560Z] <<< HTTP RESPONSE 200
[debug] [2017-08-17T22:59:47.560Z] [functions] operation poll: points: update operations/YnVsbHNuY293cy0zZDBmOC91cy1jZW50cmFsMS9wb2ludHMvYjMyb3R0anBqS1U is not done.
[debug] [2017-08-17T22:59:47.560Z] [functions] operation poll: users: update operations/YnVsbHNuY293cy0zZDBmOC91cy1jZW50cmFsMS91c2Vycy9jVVFhZ214SW40VQ is not done.
[debug] [2017-08-17T22:59:47.560Z] [functions] operation poll: details: update operations/YnVsbHNuY293cy0zZDBmOC91cy1jZW50cmFsMS9kZXRhaWxzL3JLdmd3c2ZibENF is not done.
[debug] [2017-08-17T22:59:52.565Z] >>> HTTP REQUEST GET https://cloudfunctions.googleapis.com/v1beta2/operations/YnVsbHNuY293cy0zZDBmOC91cy1jZW50cmFsMS9wb2ludHMvYjMyb3R0anBqS1U  
 Thu Aug 17 2017 23:59:52 GMT+0100 (BST)
[debug] [2017-08-17T22:59:52.565Z] >>> HTTP REQUEST GET https://cloudfunctions.googleapis.com/v1beta2/operations/YnVsbHNuY293cy0zZDBmOC91cy1jZW50cmFsMS91c2Vycy9jVVFhZ214SW40VQ  
 Thu Aug 17 2017 23:59:52 GMT+0100 (BST)
[debug] [2017-08-17T22:59:52.566Z] >>> HTTP REQUEST GET https://cloudfunctions.googleapis.com/v1beta2/operations/YnVsbHNuY293cy0zZDBmOC91cy1jZW50cmFsMS9kZXRhaWxzL3JLdmd3c2ZibENF  
 Thu Aug 17 2017 23:59:52 GMT+0100 (BST)
[debug] [2017-08-17T22:59:53.350Z] <<< HTTP RESPONSE 200
[debug] [2017-08-17T22:59:53.351Z] <<< HTTP RESPONSE 200
[debug] [2017-08-17T22:59:53.410Z] <<< HTTP RESPONSE 200
[debug] [2017-08-17T22:59:53.410Z] [functions] operation poll: points: update operations/YnVsbHNuY293cy0zZDBmOC91cy1jZW50cmFsMS9wb2ludHMvYjMyb3R0anBqS1U is not done.
[debug] [2017-08-17T22:59:53.410Z] [functions] operation poll: users: update operations/YnVsbHNuY293cy0zZDBmOC91cy1jZW50cmFsMS91c2Vycy9jVVFhZ214SW40VQ is not done.
[debug] [2017-08-17T22:59:53.410Z] [functions] operation poll: details: update operations/YnVsbHNuY293cy0zZDBmOC91cy1jZW50cmFsMS9kZXRhaWxzL3JLdmd3c2ZibENF is not done.
[debug] [2017-08-17T22:59:58.414Z] >>> HTTP REQUEST GET https://cloudfunctions.googleapis.com/v1beta2/operations/YnVsbHNuY293cy0zZDBmOC91cy1jZW50cmFsMS9wb2ludHMvYjMyb3R0anBqS1U  
 Thu Aug 17 2017 23:59:58 GMT+0100 (BST)
[debug] [2017-08-17T22:59:58.414Z] >>> HTTP REQUEST GET https://cloudfunctions.googleapis.com/v1beta2/operations/YnVsbHNuY293cy0zZDBmOC91cy1jZW50cmFsMS91c2Vycy9jVVFhZ214SW40VQ  
 Thu Aug 17 2017 23:59:58 GMT+0100 (BST)
[debug] [2017-08-17T22:59:58.414Z] >>> HTTP REQUEST GET https://cloudfunctions.googleapis.com/v1beta2/operations/YnVsbHNuY293cy0zZDBmOC91cy1jZW50cmFsMS9kZXRhaWxzL3JLdmd3c2ZibENF  
 Thu Aug 17 2017 23:59:58 GMT+0100 (BST)
[debug] [2017-08-17T22:59:59.431Z] <<< HTTP RESPONSE 200
[debug] [2017-08-17T22:59:59.436Z] <<< HTTP RESPONSE 200
[debug] [2017-08-17T22:59:59.437Z] <<< HTTP RESPONSE 200
[debug] [2017-08-17T22:59:59.437Z] [functions] operation poll: points: update operations/YnVsbHNuY293cy0zZDBmOC91cy1jZW50cmFsMS9wb2ludHMvYjMyb3R0anBqS1U is not done.
[debug] [2017-08-17T22:59:59.437Z] [functions] operation poll: users: update operations/YnVsbHNuY293cy0zZDBmOC91cy1jZW50cmFsMS91c2Vycy9jVVFhZ214SW40VQ is not done.
[debug] [2017-08-17T22:59:59.437Z] [functions] operation poll: details: update operations/YnVsbHNuY293cy0zZDBmOC91cy1jZW50cmFsMS9kZXRhaWxzL3JLdmd3c2ZibENF is not done.
[debug] [2017-08-17T23:00:04.442Z] >>> HTTP REQUEST GET https://cloudfunctions.googleapis.com/v1beta2/operations/YnVsbHNuY293cy0zZDBmOC91cy1jZW50cmFsMS9wb2ludHMvYjMyb3R0anBqS1U  
 Fri Aug 18 2017 00:00:04 GMT+0100 (BST)
[debug] [2017-08-17T23:00:04.443Z] >>> HTTP REQUEST GET https://cloudfunctions.googleapis.com/v1beta2/operations/YnVsbHNuY293cy0zZDBmOC91cy1jZW50cmFsMS91c2Vycy9jVVFhZ214SW40VQ  
 Fri Aug 18 2017 00:00:04 GMT+0100 (BST)
[debug] [2017-08-17T23:00:04.443Z] >>> HTTP REQUEST GET https://cloudfunctions.googleapis.com/v1beta2/operations/YnVsbHNuY293cy0zZDBmOC91cy1jZW50cmFsMS9kZXRhaWxzL3JLdmd3c2ZibENF  
 Fri Aug 18 2017 00:00:04 GMT+0100 (BST)
[debug] [2017-08-17T23:00:05.247Z] <<< HTTP RESPONSE 200
[debug] [2017-08-17T23:00:05.259Z] <<< HTTP RESPONSE 200
[debug] [2017-08-17T23:00:05.278Z] <<< HTTP RESPONSE 200
[debug] [2017-08-17T23:00:05.278Z] [functions] operation poll: points: update operations/YnVsbHNuY293cy0zZDBmOC91cy1jZW50cmFsMS9wb2ludHMvYjMyb3R0anBqS1U is not done.
[debug] [2017-08-17T23:00:05.278Z] [functions] operation poll: users: update operations/YnVsbHNuY293cy0zZDBmOC91cy1jZW50cmFsMS91c2Vycy9jVVFhZ214SW40VQ is not done.
[debug] [2017-08-17T23:00:05.278Z] [functions] operation poll: details: update operations/YnVsbHNuY293cy0zZDBmOC91cy1jZW50cmFsMS9kZXRhaWxzL3JLdmd3c2ZibENF is not done.
[debug] [2017-08-17T23:00:10.282Z] >>> HTTP REQUEST GET https://cloudfunctions.googleapis.com/v1beta2/operations/YnVsbHNuY293cy0zZDBmOC91cy1jZW50cmFsMS9wb2ludHMvYjMyb3R0anBqS1U  
 Fri Aug 18 2017 00:00:10 GMT+0100 (BST)
[debug] [2017-08-17T23:00:10.282Z] >>> HTTP REQUEST GET https://cloudfunctions.googleapis.com/v1beta2/operations/YnVsbHNuY293cy0zZDBmOC91cy1jZW50cmFsMS91c2Vycy9jVVFhZ214SW40VQ  
 Fri Aug 18 2017 00:00:10 GMT+0100 (BST)
[debug] [2017-08-17T23:00:10.282Z] >>> HTTP REQUEST GET https://cloudfunctions.googleapis.com/v1beta2/operations/YnVsbHNuY293cy0zZDBmOC91cy1jZW50cmFsMS9kZXRhaWxzL3JLdmd3c2ZibENF  
 Fri Aug 18 2017 00:00:10 GMT+0100 (BST)
[debug] [2017-08-17T23:00:10.555Z] <<< HTTP RESPONSE 200
[debug] [2017-08-17T23:00:11.134Z] <<< HTTP RESPONSE 200
[debug] [2017-08-17T23:00:11.135Z] <<< HTTP RESPONSE 200
[debug] [2017-08-17T23:00:11.136Z] [functions] operation poll: points: update operations/YnVsbHNuY293cy0zZDBmOC91cy1jZW50cmFsMS9wb2ludHMvYjMyb3R0anBqS1U is not done.
[debug] [2017-08-17T23:00:11.136Z] [functions] operation poll: users: update operations/YnVsbHNuY293cy0zZDBmOC91cy1jZW50cmFsMS91c2Vycy9jVVFhZ214SW40VQ is not done.
[debug] [2017-08-17T23:00:11.136Z] [functions] operation poll: details: update operations/YnVsbHNuY293cy0zZDBmOC91cy1jZW50cmFsMS9kZXRhaWxzL3JLdmd3c2ZibENF is not done.
[debug] [2017-08-17T23:00:16.142Z] >>> HTTP REQUEST GET https://cloudfunctions.googleapis.com/v1beta2/operations/YnVsbHNuY293cy0zZDBmOC91cy1jZW50cmFsMS9wb2ludHMvYjMyb3R0anBqS1U  
 Fri Aug 18 2017 00:00:16 GMT+0100 (BST)
[debug] [2017-08-17T23:00:16.144Z] >>> HTTP REQUEST GET https://cloudfunctions.googleapis.com/v1beta2/operations/YnVsbHNuY293cy0zZDBmOC91cy1jZW50cmFsMS91c2Vycy9jVVFhZ214SW40VQ  
 Fri Aug 18 2017 00:00:16 GMT+0100 (BST)
[debug] [2017-08-17T23:00:16.145Z] >>> HTTP REQUEST GET https://cloudfunctions.googleapis.com/v1beta2/operations/YnVsbHNuY293cy0zZDBmOC91cy1jZW50cmFsMS9kZXRhaWxzL3JLdmd3c2ZibENF  
 Fri Aug 18 2017 00:00:16 GMT+0100 (BST)
[debug] [2017-08-17T23:00:16.408Z] <<< HTTP RESPONSE 200
[debug] [2017-08-17T23:00:16.419Z] <<< HTTP RESPONSE 200
[debug] [2017-08-17T23:00:17.022Z] <<< HTTP RESPONSE 200
[debug] [2017-08-17T23:00:17.022Z] [functions] operation poll: points: update operations/YnVsbHNuY293cy0zZDBmOC91cy1jZW50cmFsMS9wb2ludHMvYjMyb3R0anBqS1U is not done.
[debug] [2017-08-17T23:00:17.022Z] [functions] operation poll: users: update operations/YnVsbHNuY293cy0zZDBmOC91cy1jZW50cmFsMS91c2Vycy9jVVFhZ214SW40VQ is not done.
[debug] [2017-08-17T23:00:17.022Z] [functions] operation poll: details: update operations/YnVsbHNuY293cy0zZDBmOC91cy1jZW50cmFsMS9kZXRhaWxzL3JLdmd3c2ZibENF is not done.
[debug] [2017-08-17T23:00:22.031Z] >>> HTTP REQUEST GET https://cloudfunctions.googleapis.com/v1beta2/operations/YnVsbHNuY293cy0zZDBmOC91cy1jZW50cmFsMS9wb2ludHMvYjMyb3R0anBqS1U  
 Fri Aug 18 2017 00:00:22 GMT+0100 (BST)
[debug] [2017-08-17T23:00:22.032Z] >>> HTTP REQUEST GET https://cloudfunctions.googleapis.com/v1beta2/operations/YnVsbHNuY293cy0zZDBmOC91cy1jZW50cmFsMS91c2Vycy9jVVFhZ214SW40VQ  
 Fri Aug 18 2017 00:00:22 GMT+0100 (BST)
[debug] [2017-08-17T23:00:22.033Z] >>> HTTP REQUEST GET https://cloudfunctions.googleapis.com/v1beta2/operations/YnVsbHNuY293cy0zZDBmOC91cy1jZW50cmFsMS9kZXRhaWxzL3JLdmd3c2ZibENF  
 Fri Aug 18 2017 00:00:22 GMT+0100 (BST)
[debug] [2017-08-17T23:00:22.322Z] <<< HTTP RESPONSE 200
[debug] [2017-08-17T23:00:22.347Z] <<< HTTP RESPONSE 200
[debug] [2017-08-17T23:00:22.822Z] <<< HTTP RESPONSE 200
[debug] [2017-08-17T23:00:22.823Z] [functions] operation poll: points: update operations/YnVsbHNuY293cy0zZDBmOC91cy1jZW50cmFsMS9wb2ludHMvYjMyb3R0anBqS1U is not done.
[debug] [2017-08-17T23:00:22.823Z] [functions] operation poll: users: update operations/YnVsbHNuY293cy0zZDBmOC91cy1jZW50cmFsMS91c2Vycy9jVVFhZ214SW40VQ is not done.
[debug] [2017-08-17T23:00:22.824Z] [functions] operation poll: details: update operations/YnVsbHNuY293cy0zZDBmOC91cy1jZW50cmFsMS9kZXRhaWxzL3JLdmd3c2ZibENF is not done.
[debug] [2017-08-17T23:00:27.828Z] >>> HTTP REQUEST GET https://cloudfunctions.googleapis.com/v1beta2/operations/YnVsbHNuY293cy0zZDBmOC91cy1jZW50cmFsMS9wb2ludHMvYjMyb3R0anBqS1U  
 Fri Aug 18 2017 00:00:27 GMT+0100 (BST)
[debug] [2017-08-17T23:00:27.829Z] >>> HTTP REQUEST GET https://cloudfunctions.googleapis.com/v1beta2/operations/YnVsbHNuY293cy0zZDBmOC91cy1jZW50cmFsMS91c2Vycy9jVVFhZ214SW40VQ  
 Fri Aug 18 2017 00:00:27 GMT+0100 (BST)
[debug] [2017-08-17T23:00:27.829Z] >>> HTTP REQUEST GET https://cloudfunctions.googleapis.com/v1beta2/operations/YnVsbHNuY293cy0zZDBmOC91cy1jZW50cmFsMS9kZXRhaWxzL3JLdmd3c2ZibENF  
 Fri Aug 18 2017 00:00:27 GMT+0100 (BST)
[debug] [2017-08-17T23:00:28.126Z] <<< HTTP RESPONSE 200
[debug] [2017-08-17T23:00:28.810Z] <<< HTTP RESPONSE 200
[debug] [2017-08-17T23:00:28.844Z] <<< HTTP RESPONSE 200
[debug] [2017-08-17T23:00:28.845Z] [functions] operation poll: points: update operations/YnVsbHNuY293cy0zZDBmOC91cy1jZW50cmFsMS9wb2ludHMvYjMyb3R0anBqS1U is not done.
[debug] [2017-08-17T23:00:28.845Z] [functions] operation poll: users: update operations/YnVsbHNuY293cy0zZDBmOC91cy1jZW50cmFsMS91c2Vycy9jVVFhZ214SW40VQ is not done.
[debug] [2017-08-17T23:00:28.845Z] [functions] operation poll: details: update operations/YnVsbHNuY293cy0zZDBmOC91cy1jZW50cmFsMS9kZXRhaWxzL3JLdmd3c2ZibENF is not done.
[debug] [2017-08-17T23:00:33.850Z] >>> HTTP REQUEST GET https://cloudfunctions.googleapis.com/v1beta2/operations/YnVsbHNuY293cy0zZDBmOC91cy1jZW50cmFsMS9wb2ludHMvYjMyb3R0anBqS1U  
 Fri Aug 18 2017 00:00:33 GMT+0100 (BST)
[debug] [2017-08-17T23:00:33.850Z] >>> HTTP REQUEST GET https://cloudfunctions.googleapis.com/v1beta2/operations/YnVsbHNuY293cy0zZDBmOC91cy1jZW50cmFsMS91c2Vycy9jVVFhZ214SW40VQ  
 Fri Aug 18 2017 00:00:33 GMT+0100 (BST)
[debug] [2017-08-17T23:00:33.851Z] >>> HTTP REQUEST GET https://cloudfunctions.googleapis.com/v1beta2/operations/YnVsbHNuY293cy0zZDBmOC91cy1jZW50cmFsMS9kZXRhaWxzL3JLdmd3c2ZibENF  
 Fri Aug 18 2017 00:00:33 GMT+0100 (BST)
[debug] [2017-08-17T23:00:34.655Z] <<< HTTP RESPONSE 200
[debug] [2017-08-17T23:00:34.682Z] <<< HTTP RESPONSE 200
[debug] [2017-08-17T23:00:34.702Z] <<< HTTP RESPONSE 200
[debug] [2017-08-17T23:00:34.702Z] [functions] operation poll: points: update operations/YnVsbHNuY293cy0zZDBmOC91cy1jZW50cmFsMS9wb2ludHMvYjMyb3R0anBqS1U is not done.
[debug] [2017-08-17T23:00:34.702Z] [functions] operation poll: users: update operations/YnVsbHNuY293cy0zZDBmOC91cy1jZW50cmFsMS91c2Vycy9jVVFhZ214SW40VQ is not done.
[debug] [2017-08-17T23:00:34.702Z] [functions] operation poll: details: update operations/YnVsbHNuY293cy0zZDBmOC91cy1jZW50cmFsMS9kZXRhaWxzL3JLdmd3c2ZibENF is not done.
